<?xml version="1.0" encoding="UTF-8"?>
<testsuite xmlns:xsi="http://www.w3.org/2001/XMLSchema-instance" xsi:noNamespaceSchemaLocation="https://maven.apache.org/surefire/maven-surefire-plugin/xsd/surefire-test-report.xsd" name="ff.kh.ns.ez.databasesfordeveloperstask2.DatabasesForDevelopersTask2ApplicationTests" time="2.812" tests="1" errors="1" skipped="0" failures="0">
  <properties>
[...]
</properties>
  <testcase name="contextLoads" classname="ff.kh.ns.ez.databasesfordeveloperstask2.DatabasesForDevelopersTask2ApplicationTests" time="0.001">
    <error message="Failed to load ApplicationContext" type="java.lang.IllegalStateException">java.lang.IllegalStateException: Failed to load ApplicationContext
Caused by: org.springframework.beans.factory.BeanCreationException: 
Error creating bean with name 'flywayInitializer' defined in class path resource [org/springframework/boot/autoconfigure/flyway/FlywayAutoConfiguration$FlywayConfiguration.class]: Invocation of init method failed; nested exception is org.flywaydb.core.internal.command.DbMigrate$FlywayMigrateException: Migration V2__create_data.sql failed
------------------------------------
SQL State  : 42P01
Error Code : 0
Message    : ERROR: relation "person" does not exist
  Position: 13
Location   : db/migration/V2__create_data.sql (C:\Users\filip\Desktop\SOFT\sem-2-soft\Database\Handin 2\target\classes\db\migration\V2__create_data.sql)
Line       : 1
Statement  : insert into person(name, phonenumber, cprnumber, address, email) values
    ('Filip Filipovic','12312312', '021295-1234','lundebjerg 43 1b', 'test123@gmail.com'),
    ('Ender Hansen','56756756', '031298-5678','ballerup 123', 'test1234@gmail.com'),
    ('nur Hansen','89089089', '121212-5678','Herlev 123', 'test12345@gmail.com'),
    ('Peter Hansen','89089089', '121212-5678','Herlev 123', 'test12345@gmail.com'),
    ('Albtert Hansen','89089089', '121212-5678','Herlev 123', 'test12345@gmail.com'),
    ('Kimon Hansen','89089089', '121212-5678','Herlev 123', 'test12345@gmail.com'),
    ('Jonas Hansen','89089089', '121212-5678','Herlev 123', 'test12345@gmail.com'),
    ('Steven Hansen','89089089', '121212-5678','Herlev 123', 'test12345@gmail.com'),
    ('Thomas Hansen','89089089', '121212-5678','Herlev 123', 'test12345@gmail.com')

Caused by: org.flywaydb.core.internal.command.DbMigrate$FlywayMigrateException: 
Migration V2__create_data.sql failed
------------------------------------
SQL State  : 42P01
Error Code : 0
Message    : ERROR: relation "person" does not exist
  Position: 13
Location   : db/migration/V2__create_data.sql (C:\Users\filip\Desktop\SOFT\sem-2-soft\Database\Handin 2\target\classes\db\migration\V2__create_data.sql)
Line       : 1
Statement  : insert into person(name, phonenumber, cprnumber, address, email) values
    ('Filip Filipovic','12312312', '021295-1234','lundebjerg 43 1b', 'test123@gmail.com'),
    ('Ender Hansen','56756756', '031298-5678','ballerup 123', 'test1234@gmail.com'),
    ('nur Hansen','89089089', '121212-5678','Herlev 123', 'test12345@gmail.com'),
    ('Peter Hansen','89089089', '121212-5678','Herlev 123', 'test12345@gmail.com'),
    ('Albtert Hansen','89089089', '121212-5678','Herlev 123', 'test12345@gmail.com'),
    ('Kimon Hansen','89089089', '121212-5678','Herlev 123', 'test12345@gmail.com'),
    ('Jonas Hansen','89089089', '121212-5678','Herlev 123', 'test12345@gmail.com'),
    ('Steven Hansen','89089089', '121212-5678','Herlev 123', 'test12345@gmail.com'),
    ('Thomas Hansen','89089089', '121212-5678','Herlev 123', 'test12345@gmail.com')

Caused by: org.flywaydb.core.internal.sqlscript.FlywaySqlScriptException: 
Migration V2__create_data.sql failed
------------------------------------
SQL State  : 42P01
Error Code : 0
Message    : ERROR: relation "person" does not exist
  Position: 13
Location   : db/migration/V2__create_data.sql (C:\Users\filip\Desktop\SOFT\sem-2-soft\Database\Handin 2\target\classes\db\migration\V2__create_data.sql)
Line       : 1
Statement  : insert into person(name, phonenumber, cprnumber, address, email) values
    ('Filip Filipovic','12312312', '021295-1234','lundebjerg 43 1b', 'test123@gmail.com'),
    ('Ender Hansen','56756756', '031298-5678','ballerup 123', 'test1234@gmail.com'),
    ('nur Hansen','89089089', '121212-5678','Herlev 123', 'test12345@gmail.com'),
    ('Peter Hansen','89089089', '121212-5678','Herlev 123', 'test12345@gmail.com'),
    ('Albtert Hansen','89089089', '121212-5678','Herlev 123', 'test12345@gmail.com'),
    ('Kimon Hansen','89089089', '121212-5678','Herlev 123', 'test12345@gmail.com'),
    ('Jonas Hansen','89089089', '121212-5678','Herlev 123', 'test12345@gmail.com'),
    ('Steven Hansen','89089089', '121212-5678','Herlev 123', 'test12345@gmail.com'),
    ('Thomas Hansen','89089089', '121212-5678','Herlev 123', 'test12345@gmail.com')

Caused by: org.postgresql.util.PSQLException: 
ERROR: relation "person" does not exist
  Position: 13
</error>
    <system-out><![CDATA[17:38:55.840 [main] DEBUG org.springframework.test.context.BootstrapUtils - Instantiating CacheAwareContextLoaderDelegate from class [org.springframework.test.context.cache.DefaultCacheAwareContextLoaderDelegate]
17:38:55.850 [main] DEBUG org.springframework.test.context.BootstrapUtils - Instantiating BootstrapContext using constructor [public org.springframework.test.context.support.DefaultBootstrapContext(java.lang.Class,org.springframework.test.context.CacheAwareContextLoaderDelegate)]
17:38:55.879 [main] DEBUG org.springframework.test.context.BootstrapUtils - Instantiating TestContextBootstrapper for test class [ff.kh.ns.ez.databasesfordeveloperstask2.DatabasesForDevelopersTask2ApplicationTests] from class [org.springframework.boot.test.context.SpringBootTestContextBootstrapper]
17:38:55.892 [main] INFO org.springframework.boot.test.context.SpringBootTestContextBootstrapper - Neither @ContextConfiguration nor @ContextHierarchy found for test class [ff.kh.ns.ez.databasesfordeveloperstask2.DatabasesForDevelopersTask2ApplicationTests], using SpringBootContextLoader
17:38:55.896 [main] DEBUG org.springframework.test.context.support.AbstractContextLoader - Did not detect default resource location for test class [ff.kh.ns.ez.databasesfordeveloperstask2.DatabasesForDevelopersTask2ApplicationTests]: class path resource [ff/kh/ns/ez/databasesfordeveloperstask2/DatabasesForDevelopersTask2ApplicationTests-context.xml] does not exist
17:38:55.896 [main] DEBUG org.springframework.test.context.support.AbstractContextLoader - Did not detect default resource location for test class [ff.kh.ns.ez.databasesfordeveloperstask2.DatabasesForDevelopersTask2ApplicationTests]: class path resource [ff/kh/ns/ez/databasesfordeveloperstask2/DatabasesForDevelopersTask2ApplicationTestsContext.groovy] does not exist
17:38:55.896 [main] INFO org.springframework.test.context.support.AbstractContextLoader - Could not detect default resource locations for test class [ff.kh.ns.ez.databasesfordeveloperstask2.DatabasesForDevelopersTask2ApplicationTests]: no resource found for suffixes {-context.xml, Context.groovy}.
17:38:55.897 [main] INFO org.springframework.test.context.support.AnnotationConfigContextLoaderUtils - Could not detect default configuration classes for test class [ff.kh.ns.ez.databasesfordeveloperstask2.DatabasesForDevelopersTask2ApplicationTests]: DatabasesForDevelopersTask2ApplicationTests does not declare any static, non-private, non-final, nested classes annotated with @Configuration.
17:38:55.943 [main] DEBUG org.springframework.test.context.support.ActiveProfilesUtils - Could not find an 'annotation declaring class' for annotation type [org.springframework.test.context.ActiveProfiles] and class [ff.kh.ns.ez.databasesfordeveloperstask2.DatabasesForDevelopersTask2ApplicationTests]
17:38:56.005 [main] DEBUG org.springframework.context.annotation.ClassPathScanningCandidateComponentProvider - Identified candidate component class: file [C:\Users\filip\Desktop\SOFT\sem-2-soft\Database\Handin 2\target\classes\ff\kh\ns\ez\databasesfordeveloperstask2\DatabasesForDevelopersTask2Application.class]
17:38:56.006 [main] INFO org.springframework.boot.test.context.SpringBootTestContextBootstrapper - Found @SpringBootConfiguration ff.kh.ns.ez.databasesfordeveloperstask2.DatabasesForDevelopersTask2Application for test class ff.kh.ns.ez.databasesfordeveloperstask2.DatabasesForDevelopersTask2ApplicationTests
17:38:56.108 [main] DEBUG org.springframework.boot.test.context.SpringBootTestContextBootstrapper - @TestExecutionListeners is not present for class [ff.kh.ns.ez.databasesfordeveloperstask2.DatabasesForDevelopersTask2ApplicationTests]: using defaults.
17:38:56.108 [main] INFO org.springframework.boot.test.context.SpringBootTestContextBootstrapper - Loaded default TestExecutionListener class names from location [META-INF/spring.factories]: [org.springframework.boot.test.mock.mockito.MockitoTestExecutionListener, org.springframework.boot.test.mock.mockito.ResetMocksTestExecutionListener, org.springframework.boot.test.autoconfigure.restdocs.RestDocsTestExecutionListener, org.springframework.boot.test.autoconfigure.web.client.MockRestServiceServerResetTestExecutionListener, org.springframework.boot.test.autoconfigure.web.servlet.MockMvcPrintOnlyOnFailureTestExecutionListener, org.springframework.boot.test.autoconfigure.web.servlet.WebDriverTestExecutionListener, org.springframework.boot.test.autoconfigure.webservices.client.MockWebServiceServerTestExecutionListener, org.springframework.test.context.web.ServletTestExecutionListener, org.springframework.test.context.support.DirtiesContextBeforeModesTestExecutionListener, org.springframework.test.context.event.ApplicationEventsTestExecutionListener, org.springframework.test.context.support.DependencyInjectionTestExecutionListener, org.springframework.test.context.support.DirtiesContextTestExecutionListener, org.springframework.test.context.transaction.TransactionalTestExecutionListener, org.springframework.test.context.jdbc.SqlScriptsTestExecutionListener, org.springframework.test.context.event.EventPublishingTestExecutionListener]
17:38:56.132 [main] INFO org.springframework.boot.test.context.SpringBootTestContextBootstrapper - Using TestExecutionListeners: [org.springframework.test.context.web.ServletTestExecutionListener@c7ba306, org.springframework.test.context.support.DirtiesContextBeforeModesTestExecutionListener@4ff8d125, org.springframework.test.context.event.ApplicationEventsTestExecutionListener@6d167f58, org.springframework.boot.test.mock.mockito.MockitoTestExecutionListener@3403e2ac, org.springframework.boot.test.autoconfigure.SpringBootDependencyInjectionTestExecutionListener@65b104b9, org.springframework.test.context.support.DirtiesContextTestExecutionListener@6c4980d3, org.springframework.test.context.transaction.TransactionalTestExecutionListener@327bcebd, org.springframework.test.context.jdbc.SqlScriptsTestExecutionListener@19c65cdc, org.springframework.test.context.event.EventPublishingTestExecutionListener@74bf1791, org.springframework.boot.test.mock.mockito.ResetMocksTestExecutionListener@54504ecd, org.springframework.boot.test.autoconfigure.restdocs.RestDocsTestExecutionListener@38b27cdc, org.springframework.boot.test.autoconfigure.web.client.MockRestServiceServerResetTestExecutionListener@1339e7aa, org.springframework.boot.test.autoconfigure.web.servlet.MockMvcPrintOnlyOnFailureTestExecutionListener@1fb669c3, org.springframework.boot.test.autoconfigure.web.servlet.WebDriverTestExecutionListener@49c66ade, org.springframework.boot.test.autoconfigure.webservices.client.MockWebServiceServerTestExecutionListener@6239aba6]
17:38:56.136 [main] DEBUG org.springframework.test.context.support.AbstractDirtiesContextTestExecutionListener - Before test class: context [DefaultTestContext@31ff43be testClass = DatabasesForDevelopersTask2ApplicationTests, testInstance = [null], testMethod = [null], testException = [null], mergedContextConfiguration = [WebMergedContextConfiguration@5b6ec132 testClass = DatabasesForDevelopersTask2ApplicationTests, locations = '{}', classes = '{class ff.kh.ns.ez.databasesfordeveloperstask2.DatabasesForDevelopersTask2Application}', contextInitializerClasses = '[]', activeProfiles = '{}', propertySourceLocations = '{}', propertySourceProperties = '{org.springframework.boot.test.context.SpringBootTestContextBootstrapper=true}', contextCustomizers = set[org.springframework.boot.test.context.filter.ExcludeFilterContextCustomizer@50b5ac82, org.springframework.boot.test.json.DuplicateJsonObjectContextCustomizerFactory$DuplicateJsonObjectContextCustomizer@3059cbc, org.springframework.boot.test.mock.mockito.MockitoContextCustomizer@0, org.springframework.boot.test.web.client.TestRestTemplateContextCustomizer@1b1426f4, org.springframework.boot.test.autoconfigure.actuate.metrics.MetricsExportContextCustomizerFactory$DisableMetricExportContextCustomizer@71238fc2, org.springframework.boot.test.autoconfigure.properties.PropertyMappingContextCustomizer@0, org.springframework.boot.test.autoconfigure.web.servlet.WebDriverContextCustomizerFactory$Customizer@6283d8b8, org.springframework.boot.test.context.SpringBootTestArgs@1, org.springframework.boot.test.context.SpringBootTestWebEnvironment@4b553d26], resourceBasePath = 'src/main/webapp', contextLoader = 'org.springframework.boot.test.context.SpringBootContextLoader', parent = [null]], attributes = map['org.springframework.test.context.web.ServletTestExecutionListener.activateListener' -> true]], class annotated with @DirtiesContext [false] with mode [null].

  .   ____          _            __ _ _
 /\\ / ___'_ __ _ _(_)_ __  __ _ \ \ \ \
( ( )\___ | '_ | '_| | '_ \/ _` | \ \ \ \
 \\/  ___)| |_)| | | | | || (_| |  ) ) ) )
  '  |____| .__|_| |_|_| |_\__, | / / / /
 =========|_|==============|___/=/_/_/_/
 :: Spring Boot ::                (v2.6.3)

2022-03-02 17:38:56.469  INFO 34700 --- [           main] abasesForDevelopersTask2ApplicationTests : Starting DatabasesForDevelopersTask2ApplicationTests using Java 17 on LAPTOP-Q5OG8J00 with PID 34700 (started by filip in C:\Users\filip\Desktop\SOFT\sem-2-soft\Database\Handin 2)
2022-03-02 17:38:56.470  INFO 34700 --- [           main] abasesForDevelopersTask2ApplicationTests : No active profile set, falling back to default profiles: default
2022-03-02 17:38:57.288  INFO 34700 --- [           main] .s.d.r.c.RepositoryConfigurationDelegate : Bootstrapping Spring Data JPA repositories in DEFAULT mode.
2022-03-02 17:38:57.343  INFO 34700 --- [           main] .s.d.r.c.RepositoryConfigurationDelegate : Finished Spring Data repository scanning in 45 ms. Found 1 JPA repository interfaces.
2022-03-02 17:38:57.896  INFO 34700 --- [           main] com.zaxxer.hikari.HikariDataSource       : HikariPool-1 - Starting...
2022-03-02 17:38:58.199  INFO 34700 --- [           main] com.zaxxer.hikari.HikariDataSource       : HikariPool-1 - Start completed.
2022-03-02 17:38:58.217  INFO 34700 --- [           main] o.f.c.internal.license.VersionPrinter    : Flyway Community Edition 8.5.1 by Redgate
2022-03-02 17:38:58.217  INFO 34700 --- [           main] o.f.c.internal.license.VersionPrinter    : See what's new here: https://flywaydb.org/documentation/learnmore/releaseNotes#8.5.1
2022-03-02 17:38:58.218  INFO 34700 --- [           main] o.f.c.internal.license.VersionPrinter    : 
2022-03-02 17:38:58.218  INFO 34700 --- [           main] o.f.c.i.database.base.BaseDatabaseType   : Database: jdbc:postgresql://localhost:5438/postgres (PostgreSQL 14.2)
2022-03-02 17:38:58.272  INFO 34700 --- [           main] o.f.core.internal.command.DbValidate     : Successfully validated 3 migrations (execution time 00:00.030s)
2022-03-02 17:38:58.288  INFO 34700 --- [           main] o.f.c.i.s.JdbcTableSchemaHistory         : Creating Schema History table "public"."flyway_schema_history" ...
2022-03-02 17:38:58.326  INFO 34700 --- [           main] o.f.core.internal.command.DbMigrate      : Current version of schema "public": << Empty Schema >>
2022-03-02 17:38:58.353  INFO 34700 --- [           main] o.f.core.internal.command.DbMigrate      : Migrating schema "public" to version "1 - create tables"
2022-03-02 17:38:58.364  WARN 34700 --- [           main] o.f.c.i.s.DefaultSqlScriptExecutor       : DB: schema "mydb" already exists, skipping (SQL State: 42P06 - Error Code: 0)
2022-03-02 17:38:58.366  WARN 34700 --- [           main] o.f.c.i.s.DefaultSqlScriptExecutor       : DB: relation "person" already exists, skipping (SQL State: 42P07 - Error Code: 0)
2022-03-02 17:38:58.367  WARN 34700 --- [           main] o.f.c.i.s.DefaultSqlScriptExecutor       : DB: relation "doctor" already exists, skipping (SQL State: 42P07 - Error Code: 0)
2022-03-02 17:38:58.369  WARN 34700 --- [           main] o.f.c.i.s.DefaultSqlScriptExecutor       : DB: relation "prescriptions" already exists, skipping (SQL State: 42P07 - Error Code: 0)
2022-03-02 17:38:58.371  WARN 34700 --- [           main] o.f.c.i.s.DefaultSqlScriptExecutor       : DB: relation "patient" already exists, skipping (SQL State: 42P07 - Error Code: 0)
2022-03-02 17:38:58.373  WARN 34700 --- [           main] o.f.c.i.s.DefaultSqlScriptExecutor       : DB: relation "pharmacies" already exists, skipping (SQL State: 42P07 - Error Code: 0)
2022-03-02 17:38:58.375  WARN 34700 --- [           main] o.f.c.i.s.DefaultSqlScriptExecutor       : DB: relation "pharmacies_inventory" already exists, skipping (SQL State: 42P07 - Error Code: 0)
2022-03-02 17:38:58.377  WARN 34700 --- [           main] o.f.c.i.s.DefaultSqlScriptExecutor       : DB: relation "patient_journal" already exists, skipping (SQL State: 42P07 - Error Code: 0)
2022-03-02 17:38:58.379  WARN 34700 --- [           main] o.f.c.i.s.DefaultSqlScriptExecutor       : DB: relation "notification_logging" already exists, skipping (SQL State: 42P07 - Error Code: 0)
2022-03-02 17:38:58.382  WARN 34700 --- [           main] o.f.c.i.s.DefaultSqlScriptExecutor       : DB: relation "role" already exists, skipping (SQL State: 42P07 - Error Code: 0)
2022-03-02 17:38:58.384  WARN 34700 --- [           main] o.f.c.i.s.DefaultSqlScriptExecutor       : DB: relation "pharmacies_has_patient" already exists, skipping (SQL State: 42P07 - Error Code: 0)
2022-03-02 17:38:58.386  WARN 34700 --- [           main] o.f.c.i.s.DefaultSqlScriptExecutor       : DB: relation "patient_has_doctor" already exists, skipping (SQL State: 42P07 - Error Code: 0)
2022-03-02 17:38:58.436  INFO 34700 --- [           main] o.f.core.internal.command.DbMigrate      : Migrating schema "public" to version "2 - create data"
2022-03-02 17:38:58.465 ERROR 34700 --- [           main] o.f.core.internal.command.DbMigrate      : Migration of schema "public" to version "2 - create data" failed! Changes successfully rolled back.
2022-03-02 17:38:58.475  WARN 34700 --- [           main] o.s.w.c.s.GenericWebApplicationContext   : Exception encountered during context initialization - cancelling refresh attempt: org.springframework.beans.factory.BeanCreationException: Error creating bean with name 'flywayInitializer' defined in class path resource [org/springframework/boot/autoconfigure/flyway/FlywayAutoConfiguration$FlywayConfiguration.class]: Invocation of init method failed; nested exception is org.flywaydb.core.internal.command.DbMigrate$FlywayMigrateException: Migration V2__create_data.sql failed
------------------------------------
SQL State  : 42P01
Error Code : 0
Message    : ERROR: relation "person" does not exist
  Position: 13
Location   : db/migration/V2__create_data.sql (C:\Users\filip\Desktop\SOFT\sem-2-soft\Database\Handin 2\target\classes\db\migration\V2__create_data.sql)
Line       : 1
Statement  : insert into person(name, phonenumber, cprnumber, address, email) values
    ('Filip Filipovic','12312312', '021295-1234','lundebjerg 43 1b', 'test123@gmail.com'),
    ('Ender Hansen','56756756', '031298-5678','ballerup 123', 'test1234@gmail.com'),
    ('nur Hansen','89089089', '121212-5678','Herlev 123', 'test12345@gmail.com'),
    ('Peter Hansen','89089089', '121212-5678','Herlev 123', 'test12345@gmail.com'),
    ('Albtert Hansen','89089089', '121212-5678','Herlev 123', 'test12345@gmail.com'),
    ('Kimon Hansen','89089089', '121212-5678','Herlev 123', 'test12345@gmail.com'),
    ('Jonas Hansen','89089089', '121212-5678','Herlev 123', 'test12345@gmail.com'),
    ('Steven Hansen','89089089', '121212-5678','Herlev 123', 'test12345@gmail.com'),
    ('Thomas Hansen','89089089', '121212-5678','Herlev 123', 'test12345@gmail.com')

2022-03-02 17:38:58.476  INFO 34700 --- [           main] com.zaxxer.hikari.HikariDataSource       : HikariPool-1 - Shutdown initiated...
2022-03-02 17:38:58.480  INFO 34700 --- [           main] com.zaxxer.hikari.HikariDataSource       : HikariPool-1 - Shutdown completed.
2022-03-02 17:38:58.502  INFO 34700 --- [           main] ConditionEvaluationReportLoggingListener : 

Error starting ApplicationContext. To display the conditions report re-run your application with 'debug' enabled.
2022-03-02 17:38:58.530 ERROR 34700 --- [           main] o.s.boot.SpringApplication               : Application run failed

org.springframework.beans.factory.BeanCreationException: Error creating bean with name 'flywayInitializer' defined in class path resource [org/springframework/boot/autoconfigure/flyway/FlywayAutoConfiguration$FlywayConfiguration.class]: Invocation of init method failed; nested exception is org.flywaydb.core.internal.command.DbMigrate$FlywayMigrateException: Migration V2__create_data.sql failed
------------------------------------
SQL State  : 42P01
Error Code : 0
Message    : ERROR: relation "person" does not exist
  Position: 13
Location   : db/migration/V2__create_data.sql (C:\Users\filip\Desktop\SOFT\sem-2-soft\Database\Handin 2\target\classes\db\migration\V2__create_data.sql)
Line       : 1
Statement  : insert into person(name, phonenumber, cprnumber, address, email) values
    ('Filip Filipovic','12312312', '021295-1234','lundebjerg 43 1b', 'test123@gmail.com'),
    ('Ender Hansen','56756756', '031298-5678','ballerup 123', 'test1234@gmail.com'),
    ('nur Hansen','89089089', '121212-5678','Herlev 123', 'test12345@gmail.com'),
    ('Peter Hansen','89089089', '121212-5678','Herlev 123', 'test12345@gmail.com'),
    ('Albtert Hansen','89089089', '121212-5678','Herlev 123', 'test12345@gmail.com'),
    ('Kimon Hansen','89089089', '121212-5678','Herlev 123', 'test12345@gmail.com'),
    ('Jonas Hansen','89089089', '121212-5678','Herlev 123', 'test12345@gmail.com'),
    ('Steven Hansen','89089089', '121212-5678','Herlev 123', 'test12345@gmail.com'),
    ('Thomas Hansen','89089089', '121212-5678','Herlev 123', 'test12345@gmail.com')

	at org.springframework.beans.factory.support.AbstractAutowireCapableBeanFactory.initializeBean(AbstractAutowireCapableBeanFactory.java:1804) ~[spring-beans-5.3.15.jar:5.3.15]
	at org.springframework.beans.factory.support.AbstractAutowireCapableBeanFactory.doCreateBean(AbstractAutowireCapableBeanFactory.java:620) ~[spring-beans-5.3.15.jar:5.3.15]
	at org.springframework.beans.factory.support.AbstractAutowireCapableBeanFactory.createBean(AbstractAutowireCapableBeanFactory.java:542) ~[spring-beans-5.3.15.jar:5.3.15]
	at org.springframework.beans.factory.support.AbstractBeanFactory.lambda$doGetBean$0(AbstractBeanFactory.java:335) ~[spring-beans-5.3.15.jar:5.3.15]
	at org.springframework.beans.factory.support.DefaultSingletonBeanRegistry.getSingleton(DefaultSingletonBeanRegistry.java:234) ~[spring-beans-5.3.15.jar:5.3.15]
	at org.springframework.beans.factory.support.AbstractBeanFactory.doGetBean(AbstractBeanFactory.java:333) ~[spring-beans-5.3.15.jar:5.3.15]
	at org.springframework.beans.factory.support.AbstractBeanFactory.getBean(AbstractBeanFactory.java:208) ~[spring-beans-5.3.15.jar:5.3.15]
	at org.springframework.beans.factory.support.AbstractBeanFactory.doGetBean(AbstractBeanFactory.java:322) ~[spring-beans-5.3.15.jar:5.3.15]
	at org.springframework.beans.factory.support.AbstractBeanFactory.getBean(AbstractBeanFactory.java:208) ~[spring-beans-5.3.15.jar:5.3.15]
	at org.springframework.context.support.AbstractApplicationContext.getBean(AbstractApplicationContext.java:1154) ~[spring-context-5.3.15.jar:5.3.15]
	at org.springframework.context.support.AbstractApplicationContext.finishBeanFactoryInitialization(AbstractApplicationContext.java:908) ~[spring-context-5.3.15.jar:5.3.15]
	at org.springframework.context.support.AbstractApplicationContext.refresh(AbstractApplicationContext.java:583) ~[spring-context-5.3.15.jar:5.3.15]
	at org.springframework.boot.SpringApplication.refresh(SpringApplication.java:732) ~[spring-boot-2.6.3.jar:2.6.3]
	at org.springframework.boot.SpringApplication.refreshContext(SpringApplication.java:414) ~[spring-boot-2.6.3.jar:2.6.3]
	at org.springframework.boot.SpringApplication.run(SpringApplication.java:302) ~[spring-boot-2.6.3.jar:2.6.3]
	at org.springframework.boot.test.context.SpringBootContextLoader.loadContext(SpringBootContextLoader.java:136) ~[spring-boot-test-2.6.3.jar:2.6.3]
	at org.springframework.test.context.cache.DefaultCacheAwareContextLoaderDelegate.loadContextInternal(DefaultCacheAwareContextLoaderDelegate.java:99) ~[spring-test-5.3.15.jar:5.3.15]
	at org.springframework.test.context.cache.DefaultCacheAwareContextLoaderDelegate.loadContext(DefaultCacheAwareContextLoaderDelegate.java:124) ~[spring-test-5.3.15.jar:5.3.15]
	at org.springframework.test.context.support.DefaultTestContext.getApplicationContext(DefaultTestContext.java:124) ~[spring-test-5.3.15.jar:5.3.15]
	at org.springframework.test.context.web.ServletTestExecutionListener.setUpRequestContextIfNecessary(ServletTestExecutionListener.java:190) ~[spring-test-5.3.15.jar:5.3.15]
	at org.springframework.test.context.web.ServletTestExecutionListener.prepareTestInstance(ServletTestExecutionListener.java:132) ~[spring-test-5.3.15.jar:5.3.15]
	at org.springframework.test.context.TestContextManager.prepareTestInstance(TestContextManager.java:248) ~[spring-test-5.3.15.jar:5.3.15]
	at org.springframework.test.context.junit.jupiter.SpringExtension.postProcessTestInstance(SpringExtension.java:138) ~[spring-test-5.3.15.jar:5.3.15]
	at org.junit.jupiter.engine.descriptor.ClassBasedTestDescriptor.lambda$invokeTestInstancePostProcessors$8(ClassBasedTestDescriptor.java:363) ~[junit-jupiter-engine-5.8.2.jar:5.8.2]
	at org.junit.jupiter.engine.descriptor.ClassBasedTestDescriptor.executeAndMaskThrowable(ClassBasedTestDescriptor.java:368) ~[junit-jupiter-engine-5.8.2.jar:5.8.2]
	at org.junit.jupiter.engine.descriptor.ClassBasedTestDescriptor.lambda$invokeTestInstancePostProcessors$9(ClassBasedTestDescriptor.java:363) ~[junit-jupiter-engine-5.8.2.jar:5.8.2]
	at java.base/java.util.stream.ReferencePipeline$3$1.accept(ReferencePipeline.java:197) ~[na:na]
	at java.base/java.util.stream.ReferencePipeline$2$1.accept(ReferencePipeline.java:179) ~[na:na]
	at java.base/java.util.ArrayList$ArrayListSpliterator.forEachRemaining(ArrayList.java:1625) ~[na:na]
	at java.base/java.util.stream.AbstractPipeline.copyInto(AbstractPipeline.java:509) ~[na:na]
	at java.base/java.util.stream.AbstractPipeline.wrapAndCopyInto(AbstractPipeline.java:499) ~[na:na]
	at java.base/java.util.stream.StreamSpliterators$WrappingSpliterator.forEachRemaining(StreamSpliterators.java:310) ~[na:na]
	at java.base/java.util.stream.Streams$ConcatSpliterator.forEachRemaining(Streams.java:735) ~[na:na]
	at java.base/java.util.stream.Streams$ConcatSpliterator.forEachRemaining(Streams.java:734) ~[na:na]
	at java.base/java.util.stream.ReferencePipeline$Head.forEach(ReferencePipeline.java:762) ~[na:na]
	at org.junit.jupiter.engine.descriptor.ClassBasedTestDescriptor.invokeTestInstancePostProcessors(ClassBasedTestDescriptor.java:362) ~[junit-jupiter-engine-5.8.2.jar:5.8.2]
	at org.junit.jupiter.engine.descriptor.ClassBasedTestDescriptor.lambda$instantiateAndPostProcessTestInstance$6(ClassBasedTestDescriptor.java:283) ~[junit-jupiter-engine-5.8.2.jar:5.8.2]
	at org.junit.platform.engine.support.hierarchical.ThrowableCollector.execute(ThrowableCollector.java:73) ~[junit-platform-engine-1.8.2.jar:1.8.2]
	at org.junit.jupiter.engine.descriptor.ClassBasedTestDescriptor.instantiateAndPostProcessTestInstance(ClassBasedTestDescriptor.java:282) ~[junit-jupiter-engine-5.8.2.jar:5.8.2]
	at org.junit.jupiter.engine.descriptor.ClassBasedTestDescriptor.lambda$testInstancesProvider$4(ClassBasedTestDescriptor.java:272) ~[junit-jupiter-engine-5.8.2.jar:5.8.2]
	at java.base/java.util.Optional.orElseGet(Optional.java:364) ~[na:na]
	at org.junit.jupiter.engine.descriptor.ClassBasedTestDescriptor.lambda$testInstancesProvider$5(ClassBasedTestDescriptor.java:271) ~[junit-jupiter-engine-5.8.2.jar:5.8.2]
	at org.junit.jupiter.engine.execution.TestInstancesProvider.getTestInstances(TestInstancesProvider.java:31) ~[junit-jupiter-engine-5.8.2.jar:5.8.2]
	at org.junit.jupiter.engine.descriptor.TestMethodTestDescriptor.lambda$prepare$0(TestMethodTestDescriptor.java:102) ~[junit-jupiter-engine-5.8.2.jar:5.8.2]
	at org.junit.platform.engine.support.hierarchical.ThrowableCollector.execute(ThrowableCollector.java:73) ~[junit-platform-engine-1.8.2.jar:1.8.2]
	at org.junit.jupiter.engine.descriptor.TestMethodTestDescriptor.prepare(TestMethodTestDescriptor.java:101) ~[junit-jupiter-engine-5.8.2.jar:5.8.2]
	at org.junit.jupiter.engine.descriptor.TestMethodTestDescriptor.prepare(TestMethodTestDescriptor.java:66) ~[junit-jupiter-engine-5.8.2.jar:5.8.2]
	at org.junit.platform.engine.support.hierarchical.NodeTestTask.lambda$prepare$2(NodeTestTask.java:123) ~[junit-platform-engine-1.8.2.jar:1.8.2]
	at org.junit.platform.engine.support.hierarchical.ThrowableCollector.execute(ThrowableCollector.java:73) ~[junit-platform-engine-1.8.2.jar:1.8.2]
	at org.junit.platform.engine.support.hierarchical.NodeTestTask.prepare(NodeTestTask.java:123) ~[junit-platform-engine-1.8.2.jar:1.8.2]
	at org.junit.platform.engine.support.hierarchical.NodeTestTask.execute(NodeTestTask.java:90) ~[junit-platform-engine-1.8.2.jar:1.8.2]
	at java.base/java.util.ArrayList.forEach(ArrayList.java:1511) ~[na:na]
	at org.junit.platform.engine.support.hierarchical.SameThreadHierarchicalTestExecutorService.invokeAll(SameThreadHierarchicalTestExecutorService.java:41) ~[junit-platform-engine-1.8.2.jar:1.8.2]
	at org.junit.platform.engine.support.hierarchical.NodeTestTask.lambda$executeRecursively$6(NodeTestTask.java:155) ~[junit-platform-engine-1.8.2.jar:1.8.2]
	at org.junit.platform.engine.support.hierarchical.ThrowableCollector.execute(ThrowableCollector.java:73) ~[junit-platform-engine-1.8.2.jar:1.8.2]
	at org.junit.platform.engine.support.hierarchical.NodeTestTask.lambda$executeRecursively$8(NodeTestTask.java:141) ~[junit-platform-engine-1.8.2.jar:1.8.2]
	at org.junit.platform.engine.support.hierarchical.Node.around(Node.java:137) ~[junit-platform-engine-1.8.2.jar:1.8.2]
	at org.junit.platform.engine.support.hierarchical.NodeTestTask.lambda$executeRecursively$9(NodeTestTask.java:139) ~[junit-platform-engine-1.8.2.jar:1.8.2]
	at org.junit.platform.engine.support.hierarchical.ThrowableCollector.execute(ThrowableCollector.java:73) ~[junit-platform-engine-1.8.2.jar:1.8.2]
	at org.junit.platform.engine.support.hierarchical.NodeTestTask.executeRecursively(NodeTestTask.java:138) ~[junit-platform-engine-1.8.2.jar:1.8.2]
	at org.junit.platform.engine.support.hierarchical.NodeTestTask.execute(NodeTestTask.java:95) ~[junit-platform-engine-1.8.2.jar:1.8.2]
	at java.base/java.util.ArrayList.forEach(ArrayList.java:1511) ~[na:na]
	at org.junit.platform.engine.support.hierarchical.SameThreadHierarchicalTestExecutorService.invokeAll(SameThreadHierarchicalTestExecutorService.java:41) ~[junit-platform-engine-1.8.2.jar:1.8.2]
	at org.junit.platform.engine.support.hierarchical.NodeTestTask.lambda$executeRecursively$6(NodeTestTask.java:155) ~[junit-platform-engine-1.8.2.jar:1.8.2]
	at org.junit.platform.engine.support.hierarchical.ThrowableCollector.execute(ThrowableCollector.java:73) ~[junit-platform-engine-1.8.2.jar:1.8.2]
	at org.junit.platform.engine.support.hierarchical.NodeTestTask.lambda$executeRecursively$8(NodeTestTask.java:141) ~[junit-platform-engine-1.8.2.jar:1.8.2]
	at org.junit.platform.engine.support.hierarchical.Node.around(Node.java:137) ~[junit-platform-engine-1.8.2.jar:1.8.2]
	at org.junit.platform.engine.support.hierarchical.NodeTestTask.lambda$executeRecursively$9(NodeTestTask.java:139) ~[junit-platform-engine-1.8.2.jar:1.8.2]
	at org.junit.platform.engine.support.hierarchical.ThrowableCollector.execute(ThrowableCollector.java:73) ~[junit-platform-engine-1.8.2.jar:1.8.2]
	at org.junit.platform.engine.support.hierarchical.NodeTestTask.executeRecursively(NodeTestTask.java:138) ~[junit-platform-engine-1.8.2.jar:1.8.2]
	at org.junit.platform.engine.support.hierarchical.NodeTestTask.execute(NodeTestTask.java:95) ~[junit-platform-engine-1.8.2.jar:1.8.2]
	at org.junit.platform.engine.support.hierarchical.SameThreadHierarchicalTestExecutorService.submit(SameThreadHierarchicalTestExecutorService.java:35) ~[junit-platform-engine-1.8.2.jar:1.8.2]
	at org.junit.platform.engine.support.hierarchical.HierarchicalTestExecutor.execute(HierarchicalTestExecutor.java:57) ~[junit-platform-engine-1.8.2.jar:1.8.2]
	at org.junit.platform.engine.support.hierarchical.HierarchicalTestEngine.execute(HierarchicalTestEngine.java:54) ~[junit-platform-engine-1.8.2.jar:1.8.2]
	at org.junit.platform.launcher.core.DefaultLauncher.execute(DefaultLauncher.java:220) ~[junit-platform-launcher-1.3.1.jar:1.3.1]
	at org.junit.platform.launcher.core.DefaultLauncher.lambda$execute$6(DefaultLauncher.java:188) ~[junit-platform-launcher-1.3.1.jar:1.3.1]
	at org.junit.platform.launcher.core.DefaultLauncher.withInterceptedStreams(DefaultLauncher.java:202) ~[junit-platform-launcher-1.3.1.jar:1.3.1]
	at org.junit.platform.launcher.core.DefaultLauncher.execute(DefaultLauncher.java:181) ~[junit-platform-launcher-1.3.1.jar:1.3.1]
	at org.junit.platform.launcher.core.DefaultLauncher.execute(DefaultLauncher.java:128) ~[junit-platform-launcher-1.3.1.jar:1.3.1]
	at org.apache.maven.surefire.junitplatform.JUnitPlatformProvider.invokeAllTests(JUnitPlatformProvider.java:150) ~[surefire-junit-platform-2.22.2.jar:2.22.2]
	at org.apache.maven.surefire.junitplatform.JUnitPlatformProvider.invoke(JUnitPlatformProvider.java:124) ~[surefire-junit-platform-2.22.2.jar:2.22.2]
	at org.apache.maven.surefire.booter.ForkedBooter.invokeProviderInSameClassLoader(ForkedBooter.java:384) ~[surefire-booter-2.22.2.jar:2.22.2]
	at org.apache.maven.surefire.booter.ForkedBooter.runSuitesInProcess(ForkedBooter.java:345) ~[surefire-booter-2.22.2.jar:2.22.2]
	at org.apache.maven.surefire.booter.ForkedBooter.execute(ForkedBooter.java:126) ~[surefire-booter-2.22.2.jar:2.22.2]
	at org.apache.maven.surefire.booter.ForkedBooter.main(ForkedBooter.java:418) ~[surefire-booter-2.22.2.jar:2.22.2]
Caused by: org.flywaydb.core.internal.command.DbMigrate$FlywayMigrateException: Migration V2__create_data.sql failed
------------------------------------
SQL State  : 42P01
Error Code : 0
Message    : ERROR: relation "person" does not exist
  Position: 13
Location   : db/migration/V2__create_data.sql (C:\Users\filip\Desktop\SOFT\sem-2-soft\Database\Handin 2\target\classes\db\migration\V2__create_data.sql)
Line       : 1
Statement  : insert into person(name, phonenumber, cprnumber, address, email) values
    ('Filip Filipovic','12312312', '021295-1234','lundebjerg 43 1b', 'test123@gmail.com'),
    ('Ender Hansen','56756756', '031298-5678','ballerup 123', 'test1234@gmail.com'),
    ('nur Hansen','89089089', '121212-5678','Herlev 123', 'test12345@gmail.com'),
    ('Peter Hansen','89089089', '121212-5678','Herlev 123', 'test12345@gmail.com'),
    ('Albtert Hansen','89089089', '121212-5678','Herlev 123', 'test12345@gmail.com'),
    ('Kimon Hansen','89089089', '121212-5678','Herlev 123', 'test12345@gmail.com'),
    ('Jonas Hansen','89089089', '121212-5678','Herlev 123', 'test12345@gmail.com'),
    ('Steven Hansen','89089089', '121212-5678','Herlev 123', 'test12345@gmail.com'),
    ('Thomas Hansen','89089089', '121212-5678','Herlev 123', 'test12345@gmail.com')

	at org.flywaydb.core.internal.command.DbMigrate.doMigrateGroup(DbMigrate.java:385) ~[flyway-core-8.5.1.jar:na]
	at org.flywaydb.core.internal.command.DbMigrate.lambda$applyMigrations$1(DbMigrate.java:275) ~[flyway-core-8.5.1.jar:na]
	at org.flywaydb.core.internal.jdbc.TransactionalExecutionTemplate.execute(TransactionalExecutionTemplate.java:55) ~[flyway-core-8.5.1.jar:na]
	at org.flywaydb.core.internal.command.DbMigrate.applyMigrations(DbMigrate.java:274) ~[flyway-core-8.5.1.jar:na]
	at org.flywaydb.core.internal.command.DbMigrate.migrateGroup(DbMigrate.java:247) ~[flyway-core-8.5.1.jar:na]
	at org.flywaydb.core.internal.command.DbMigrate.lambda$migrateAll$0(DbMigrate.java:141) ~[flyway-core-8.5.1.jar:na]
	at org.flywaydb.core.internal.database.postgresql.PostgreSQLAdvisoryLockTemplate.execute(PostgreSQLAdvisoryLockTemplate.java:69) ~[flyway-core-8.5.1.jar:na]
	at org.flywaydb.core.internal.database.postgresql.PostgreSQLConnection.lock(PostgreSQLConnection.java:99) ~[flyway-core-8.5.1.jar:na]
	at org.flywaydb.core.internal.schemahistory.JdbcTableSchemaHistory.lock(JdbcTableSchemaHistory.java:139) ~[flyway-core-8.5.1.jar:na]
	at org.flywaydb.core.internal.command.DbMigrate.migrateAll(DbMigrate.java:141) ~[flyway-core-8.5.1.jar:na]
	at org.flywaydb.core.internal.command.DbMigrate.migrate(DbMigrate.java:98) ~[flyway-core-8.5.1.jar:na]
	at org.flywaydb.core.Flyway$1.execute(Flyway.java:172) ~[flyway-core-8.5.1.jar:na]
	at org.flywaydb.core.Flyway$1.execute(Flyway.java:124) ~[flyway-core-8.5.1.jar:na]
	at org.flywaydb.core.FlywayExecutor.execute(FlywayExecutor.java:207) ~[flyway-core-8.5.1.jar:na]
	at org.flywaydb.core.Flyway.migrate(Flyway.java:124) ~[flyway-core-8.5.1.jar:na]
	at org.springframework.boot.autoconfigure.flyway.FlywayMigrationInitializer.afterPropertiesSet(FlywayMigrationInitializer.java:66) ~[spring-boot-autoconfigure-2.6.3.jar:2.6.3]
	at org.springframework.beans.factory.support.AbstractAutowireCapableBeanFactory.invokeInitMethods(AbstractAutowireCapableBeanFactory.java:1863) ~[spring-beans-5.3.15.jar:5.3.15]
	at org.springframework.beans.factory.support.AbstractAutowireCapableBeanFactory.initializeBean(AbstractAutowireCapableBeanFactory.java:1800) ~[spring-beans-5.3.15.jar:5.3.15]
	... 84 common frames omitted
Caused by: org.flywaydb.core.internal.sqlscript.FlywaySqlScriptException: Migration V2__create_data.sql failed
------------------------------------
SQL State  : 42P01
Error Code : 0
Message    : ERROR: relation "person" does not exist
  Position: 13
Location   : db/migration/V2__create_data.sql (C:\Users\filip\Desktop\SOFT\sem-2-soft\Database\Handin 2\target\classes\db\migration\V2__create_data.sql)
Line       : 1
Statement  : insert into person(name, phonenumber, cprnumber, address, email) values
    ('Filip Filipovic','12312312', '021295-1234','lundebjerg 43 1b', 'test123@gmail.com'),
    ('Ender Hansen','56756756', '031298-5678','ballerup 123', 'test1234@gmail.com'),
    ('nur Hansen','89089089', '121212-5678','Herlev 123', 'test12345@gmail.com'),
    ('Peter Hansen','89089089', '121212-5678','Herlev 123', 'test12345@gmail.com'),
    ('Albtert Hansen','89089089', '121212-5678','Herlev 123', 'test12345@gmail.com'),
    ('Kimon Hansen','89089089', '121212-5678','Herlev 123', 'test12345@gmail.com'),
    ('Jonas Hansen','89089089', '121212-5678','Herlev 123', 'test12345@gmail.com'),
    ('Steven Hansen','89089089', '121212-5678','Herlev 123', 'test12345@gmail.com'),
    ('Thomas Hansen','89089089', '121212-5678','Herlev 123', 'test12345@gmail.com')

	at org.flywaydb.core.internal.sqlscript.DefaultSqlScriptExecutor.handleException(DefaultSqlScriptExecutor.java:275) ~[flyway-core-8.5.1.jar:na]
	at org.flywaydb.core.internal.sqlscript.DefaultSqlScriptExecutor.executeStatement(DefaultSqlScriptExecutor.java:222) ~[flyway-core-8.5.1.jar:na]
	at org.flywaydb.core.internal.sqlscript.DefaultSqlScriptExecutor.execute(DefaultSqlScriptExecutor.java:126) ~[flyway-core-8.5.1.jar:na]
	at org.flywaydb.core.internal.resolver.sql.SqlMigrationExecutor.executeOnce(SqlMigrationExecutor.java:69) ~[flyway-core-8.5.1.jar:na]
	at org.flywaydb.core.internal.resolver.sql.SqlMigrationExecutor.lambda$execute$0(SqlMigrationExecutor.java:58) ~[flyway-core-8.5.1.jar:na]
	at org.flywaydb.core.internal.database.DefaultExecutionStrategy.execute(DefaultExecutionStrategy.java:27) ~[flyway-core-8.5.1.jar:na]
	at org.flywaydb.core.internal.resolver.sql.SqlMigrationExecutor.execute(SqlMigrationExecutor.java:57) ~[flyway-core-8.5.1.jar:na]
	at org.flywaydb.core.internal.command.DbMigrate.doMigrateGroup(DbMigrate.java:377) ~[flyway-core-8.5.1.jar:na]
	... 101 common frames omitted
Caused by: org.postgresql.util.PSQLException: ERROR: relation "person" does not exist
  Position: 13
	at org.postgresql.core.v3.QueryExecutorImpl.receiveErrorResponse(QueryExecutorImpl.java:2674) ~[postgresql-42.3.1.jar:42.3.1]
	at org.postgresql.core.v3.QueryExecutorImpl.processResults(QueryExecutorImpl.java:2364) ~[postgresql-42.3.1.jar:42.3.1]
	at org.postgresql.core.v3.QueryExecutorImpl.execute(QueryExecutorImpl.java:354) ~[postgresql-42.3.1.jar:42.3.1]
	at org.postgresql.jdbc.PgStatement.executeInternal(PgStatement.java:484) ~[postgresql-42.3.1.jar:42.3.1]
	at org.postgresql.jdbc.PgStatement.execute(PgStatement.java:404) ~[postgresql-42.3.1.jar:42.3.1]
	at org.postgresql.jdbc.PgStatement.executeWithFlags(PgStatement.java:325) ~[postgresql-42.3.1.jar:42.3.1]
	at org.postgresql.jdbc.PgStatement.executeCachedSql(PgStatement.java:311) ~[postgresql-42.3.1.jar:42.3.1]
	at org.postgresql.jdbc.PgStatement.executeWithFlags(PgStatement.java:287) ~[postgresql-42.3.1.jar:42.3.1]
	at org.postgresql.jdbc.PgStatement.execute(PgStatement.java:282) ~[postgresql-42.3.1.jar:42.3.1]
	at com.zaxxer.hikari.pool.ProxyStatement.execute(ProxyStatement.java:94) ~[HikariCP-4.0.3.jar:na]
	at com.zaxxer.hikari.pool.HikariProxyStatement.execute(HikariProxyStatement.java) ~[HikariCP-4.0.3.jar:na]
	at org.flywaydb.core.internal.jdbc.JdbcTemplate.executeStatement(JdbcTemplate.java:201) ~[flyway-core-8.5.1.jar:na]
	at org.flywaydb.core.internal.sqlscript.ParsedSqlStatement.execute(ParsedSqlStatement.java:95) ~[flyway-core-8.5.1.jar:na]
	at org.flywaydb.core.internal.sqlscript.DefaultSqlScriptExecutor.executeStatement(DefaultSqlScriptExecutor.java:210) ~[flyway-core-8.5.1.jar:na]
	... 107 common frames omitted

2022-03-02 17:38:58.534 ERROR 34700 --- [           main] o.s.test.context.TestContextManager      : Caught exception while allowing TestExecutionListener [org.springframework.test.context.web.ServletTestExecutionListener@c7ba306] to prepare test instance [ff.kh.ns.ez.databasesfordeveloperstask2.DatabasesForDevelopersTask2ApplicationTests@28e0e464]

java.lang.IllegalStateException: Failed to load ApplicationContext
	at org.springframework.test.context.cache.DefaultCacheAwareContextLoaderDelegate.loadContext(DefaultCacheAwareContextLoaderDelegate.java:132) ~[spring-test-5.3.15.jar:5.3.15]
	at org.springframework.test.context.support.DefaultTestContext.getApplicationContext(DefaultTestContext.java:124) ~[spring-test-5.3.15.jar:5.3.15]
	at org.springframework.test.context.web.ServletTestExecutionListener.setUpRequestContextIfNecessary(ServletTestExecutionListener.java:190) ~[spring-test-5.3.15.jar:5.3.15]
	at org.springframework.test.context.web.ServletTestExecutionListener.prepareTestInstance(ServletTestExecutionListener.java:132) ~[spring-test-5.3.15.jar:5.3.15]
	at org.springframework.test.context.TestContextManager.prepareTestInstance(TestContextManager.java:248) ~[spring-test-5.3.15.jar:5.3.15]
	at org.springframework.test.context.junit.jupiter.SpringExtension.postProcessTestInstance(SpringExtension.java:138) ~[spring-test-5.3.15.jar:5.3.15]
	at org.junit.jupiter.engine.descriptor.ClassBasedTestDescriptor.lambda$invokeTestInstancePostProcessors$8(ClassBasedTestDescriptor.java:363) ~[junit-jupiter-engine-5.8.2.jar:5.8.2]
	at org.junit.jupiter.engine.descriptor.ClassBasedTestDescriptor.executeAndMaskThrowable(ClassBasedTestDescriptor.java:368) ~[junit-jupiter-engine-5.8.2.jar:5.8.2]
	at org.junit.jupiter.engine.descriptor.ClassBasedTestDescriptor.lambda$invokeTestInstancePostProcessors$9(ClassBasedTestDescriptor.java:363) ~[junit-jupiter-engine-5.8.2.jar:5.8.2]
	at java.base/java.util.stream.ReferencePipeline$3$1.accept(ReferencePipeline.java:197) ~[na:na]
	at java.base/java.util.stream.ReferencePipeline$2$1.accept(ReferencePipeline.java:179) ~[na:na]
	at java.base/java.util.ArrayList$ArrayListSpliterator.forEachRemaining(ArrayList.java:1625) ~[na:na]
	at java.base/java.util.stream.AbstractPipeline.copyInto(AbstractPipeline.java:509) ~[na:na]
	at java.base/java.util.stream.AbstractPipeline.wrapAndCopyInto(AbstractPipeline.java:499) ~[na:na]
	at java.base/java.util.stream.StreamSpliterators$WrappingSpliterator.forEachRemaining(StreamSpliterators.java:310) ~[na:na]
	at java.base/java.util.stream.Streams$ConcatSpliterator.forEachRemaining(Streams.java:735) ~[na:na]
	at java.base/java.util.stream.Streams$ConcatSpliterator.forEachRemaining(Streams.java:734) ~[na:na]
	at java.base/java.util.stream.ReferencePipeline$Head.forEach(ReferencePipeline.java:762) ~[na:na]
	at org.junit.jupiter.engine.descriptor.ClassBasedTestDescriptor.invokeTestInstancePostProcessors(ClassBasedTestDescriptor.java:362) ~[junit-jupiter-engine-5.8.2.jar:5.8.2]
	at org.junit.jupiter.engine.descriptor.ClassBasedTestDescriptor.lambda$instantiateAndPostProcessTestInstance$6(ClassBasedTestDescriptor.java:283) ~[junit-jupiter-engine-5.8.2.jar:5.8.2]
	at org.junit.platform.engine.support.hierarchical.ThrowableCollector.execute(ThrowableCollector.java:73) ~[junit-platform-engine-1.8.2.jar:1.8.2]
	at org.junit.jupiter.engine.descriptor.ClassBasedTestDescriptor.instantiateAndPostProcessTestInstance(ClassBasedTestDescriptor.java:282) ~[junit-jupiter-engine-5.8.2.jar:5.8.2]
	at org.junit.jupiter.engine.descriptor.ClassBasedTestDescriptor.lambda$testInstancesProvider$4(ClassBasedTestDescriptor.java:272) ~[junit-jupiter-engine-5.8.2.jar:5.8.2]
	at java.base/java.util.Optional.orElseGet(Optional.java:364) ~[na:na]
	at org.junit.jupiter.engine.descriptor.ClassBasedTestDescriptor.lambda$testInstancesProvider$5(ClassBasedTestDescriptor.java:271) ~[junit-jupiter-engine-5.8.2.jar:5.8.2]
	at org.junit.jupiter.engine.execution.TestInstancesProvider.getTestInstances(TestInstancesProvider.java:31) ~[junit-jupiter-engine-5.8.2.jar:5.8.2]
	at org.junit.jupiter.engine.descriptor.TestMethodTestDescriptor.lambda$prepare$0(TestMethodTestDescriptor.java:102) ~[junit-jupiter-engine-5.8.2.jar:5.8.2]
	at org.junit.platform.engine.support.hierarchical.ThrowableCollector.execute(ThrowableCollector.java:73) ~[junit-platform-engine-1.8.2.jar:1.8.2]
	at org.junit.jupiter.engine.descriptor.TestMethodTestDescriptor.prepare(TestMethodTestDescriptor.java:101) ~[junit-jupiter-engine-5.8.2.jar:5.8.2]
	at org.junit.jupiter.engine.descriptor.TestMethodTestDescriptor.prepare(TestMethodTestDescriptor.java:66) ~[junit-jupiter-engine-5.8.2.jar:5.8.2]
	at org.junit.platform.engine.support.hierarchical.NodeTestTask.lambda$prepare$2(NodeTestTask.java:123) ~[junit-platform-engine-1.8.2.jar:1.8.2]
	at org.junit.platform.engine.support.hierarchical.ThrowableCollector.execute(ThrowableCollector.java:73) ~[junit-platform-engine-1.8.2.jar:1.8.2]
	at org.junit.platform.engine.support.hierarchical.NodeTestTask.prepare(NodeTestTask.java:123) ~[junit-platform-engine-1.8.2.jar:1.8.2]
	at org.junit.platform.engine.support.hierarchical.NodeTestTask.execute(NodeTestTask.java:90) ~[junit-platform-engine-1.8.2.jar:1.8.2]
	at java.base/java.util.ArrayList.forEach(ArrayList.java:1511) ~[na:na]
	at org.junit.platform.engine.support.hierarchical.SameThreadHierarchicalTestExecutorService.invokeAll(SameThreadHierarchicalTestExecutorService.java:41) ~[junit-platform-engine-1.8.2.jar:1.8.2]
	at org.junit.platform.engine.support.hierarchical.NodeTestTask.lambda$executeRecursively$6(NodeTestTask.java:155) ~[junit-platform-engine-1.8.2.jar:1.8.2]
	at org.junit.platform.engine.support.hierarchical.ThrowableCollector.execute(ThrowableCollector.java:73) ~[junit-platform-engine-1.8.2.jar:1.8.2]
	at org.junit.platform.engine.support.hierarchical.NodeTestTask.lambda$executeRecursively$8(NodeTestTask.java:141) ~[junit-platform-engine-1.8.2.jar:1.8.2]
	at org.junit.platform.engine.support.hierarchical.Node.around(Node.java:137) ~[junit-platform-engine-1.8.2.jar:1.8.2]
	at org.junit.platform.engine.support.hierarchical.NodeTestTask.lambda$executeRecursively$9(NodeTestTask.java:139) ~[junit-platform-engine-1.8.2.jar:1.8.2]
	at org.junit.platform.engine.support.hierarchical.ThrowableCollector.execute(ThrowableCollector.java:73) ~[junit-platform-engine-1.8.2.jar:1.8.2]
	at org.junit.platform.engine.support.hierarchical.NodeTestTask.executeRecursively(NodeTestTask.java:138) ~[junit-platform-engine-1.8.2.jar:1.8.2]
	at org.junit.platform.engine.support.hierarchical.NodeTestTask.execute(NodeTestTask.java:95) ~[junit-platform-engine-1.8.2.jar:1.8.2]
	at java.base/java.util.ArrayList.forEach(ArrayList.java:1511) ~[na:na]
	at org.junit.platform.engine.support.hierarchical.SameThreadHierarchicalTestExecutorService.invokeAll(SameThreadHierarchicalTestExecutorService.java:41) ~[junit-platform-engine-1.8.2.jar:1.8.2]
	at org.junit.platform.engine.support.hierarchical.NodeTestTask.lambda$executeRecursively$6(NodeTestTask.java:155) ~[junit-platform-engine-1.8.2.jar:1.8.2]
	at org.junit.platform.engine.support.hierarchical.ThrowableCollector.execute(ThrowableCollector.java:73) ~[junit-platform-engine-1.8.2.jar:1.8.2]
	at org.junit.platform.engine.support.hierarchical.NodeTestTask.lambda$executeRecursively$8(NodeTestTask.java:141) ~[junit-platform-engine-1.8.2.jar:1.8.2]
	at org.junit.platform.engine.support.hierarchical.Node.around(Node.java:137) ~[junit-platform-engine-1.8.2.jar:1.8.2]
	at org.junit.platform.engine.support.hierarchical.NodeTestTask.lambda$executeRecursively$9(NodeTestTask.java:139) ~[junit-platform-engine-1.8.2.jar:1.8.2]
	at org.junit.platform.engine.support.hierarchical.ThrowableCollector.execute(ThrowableCollector.java:73) ~[junit-platform-engine-1.8.2.jar:1.8.2]
	at org.junit.platform.engine.support.hierarchical.NodeTestTask.executeRecursively(NodeTestTask.java:138) ~[junit-platform-engine-1.8.2.jar:1.8.2]
	at org.junit.platform.engine.support.hierarchical.NodeTestTask.execute(NodeTestTask.java:95) ~[junit-platform-engine-1.8.2.jar:1.8.2]
	at org.junit.platform.engine.support.hierarchical.SameThreadHierarchicalTestExecutorService.submit(SameThreadHierarchicalTestExecutorService.java:35) ~[junit-platform-engine-1.8.2.jar:1.8.2]
	at org.junit.platform.engine.support.hierarchical.HierarchicalTestExecutor.execute(HierarchicalTestExecutor.java:57) ~[junit-platform-engine-1.8.2.jar:1.8.2]
	at org.junit.platform.engine.support.hierarchical.HierarchicalTestEngine.execute(HierarchicalTestEngine.java:54) ~[junit-platform-engine-1.8.2.jar:1.8.2]
	at org.junit.platform.launcher.core.DefaultLauncher.execute(DefaultLauncher.java:220) ~[junit-platform-launcher-1.3.1.jar:1.3.1]
	at org.junit.platform.launcher.core.DefaultLauncher.lambda$execute$6(DefaultLauncher.java:188) ~[junit-platform-launcher-1.3.1.jar:1.3.1]
	at org.junit.platform.launcher.core.DefaultLauncher.withInterceptedStreams(DefaultLauncher.java:202) ~[junit-platform-launcher-1.3.1.jar:1.3.1]
	at org.junit.platform.launcher.core.DefaultLauncher.execute(DefaultLauncher.java:181) ~[junit-platform-launcher-1.3.1.jar:1.3.1]
	at org.junit.platform.launcher.core.DefaultLauncher.execute(DefaultLauncher.java:128) ~[junit-platform-launcher-1.3.1.jar:1.3.1]
	at org.apache.maven.surefire.junitplatform.JUnitPlatformProvider.invokeAllTests(JUnitPlatformProvider.java:150) ~[surefire-junit-platform-2.22.2.jar:2.22.2]
	at org.apache.maven.surefire.junitplatform.JUnitPlatformProvider.invoke(JUnitPlatformProvider.java:124) ~[surefire-junit-platform-2.22.2.jar:2.22.2]
	at org.apache.maven.surefire.booter.ForkedBooter.invokeProviderInSameClassLoader(ForkedBooter.java:384) ~[surefire-booter-2.22.2.jar:2.22.2]
	at org.apache.maven.surefire.booter.ForkedBooter.runSuitesInProcess(ForkedBooter.java:345) ~[surefire-booter-2.22.2.jar:2.22.2]
	at org.apache.maven.surefire.booter.ForkedBooter.execute(ForkedBooter.java:126) ~[surefire-booter-2.22.2.jar:2.22.2]
	at org.apache.maven.surefire.booter.ForkedBooter.main(ForkedBooter.java:418) ~[surefire-booter-2.22.2.jar:2.22.2]
Caused by: org.springframework.beans.factory.BeanCreationException: Error creating bean with name 'flywayInitializer' defined in class path resource [org/springframework/boot/autoconfigure/flyway/FlywayAutoConfiguration$FlywayConfiguration.class]: Invocation of init method failed; nested exception is org.flywaydb.core.internal.command.DbMigrate$FlywayMigrateException: Migration V2__create_data.sql failed
------------------------------------
SQL State  : 42P01
Error Code : 0
Message    : ERROR: relation "person" does not exist
  Position: 13
Location   : db/migration/V2__create_data.sql (C:\Users\filip\Desktop\SOFT\sem-2-soft\Database\Handin 2\target\classes\db\migration\V2__create_data.sql)
Line       : 1
Statement  : insert into person(name, phonenumber, cprnumber, address, email) values
    ('Filip Filipovic','12312312', '021295-1234','lundebjerg 43 1b', 'test123@gmail.com'),
    ('Ender Hansen','56756756', '031298-5678','ballerup 123', 'test1234@gmail.com'),
    ('nur Hansen','89089089', '121212-5678','Herlev 123', 'test12345@gmail.com'),
    ('Peter Hansen','89089089', '121212-5678','Herlev 123', 'test12345@gmail.com'),
    ('Albtert Hansen','89089089', '121212-5678','Herlev 123', 'test12345@gmail.com'),
    ('Kimon Hansen','89089089', '121212-5678','Herlev 123', 'test12345@gmail.com'),
    ('Jonas Hansen','89089089', '121212-5678','Herlev 123', 'test12345@gmail.com'),
    ('Steven Hansen','89089089', '121212-5678','Herlev 123', 'test12345@gmail.com'),
    ('Thomas Hansen','89089089', '121212-5678','Herlev 123', 'test12345@gmail.com')

	at org.springframework.beans.factory.support.AbstractAutowireCapableBeanFactory.initializeBean(AbstractAutowireCapableBeanFactory.java:1804) ~[spring-beans-5.3.15.jar:5.3.15]
	at org.springframework.beans.factory.support.AbstractAutowireCapableBeanFactory.doCreateBean(AbstractAutowireCapableBeanFactory.java:620) ~[spring-beans-5.3.15.jar:5.3.15]
	at org.springframework.beans.factory.support.AbstractAutowireCapableBeanFactory.createBean(AbstractAutowireCapableBeanFactory.java:542) ~[spring-beans-5.3.15.jar:5.3.15]
	at org.springframework.beans.factory.support.AbstractBeanFactory.lambda$doGetBean$0(AbstractBeanFactory.java:335) ~[spring-beans-5.3.15.jar:5.3.15]
	at org.springframework.beans.factory.support.DefaultSingletonBeanRegistry.getSingleton(DefaultSingletonBeanRegistry.java:234) ~[spring-beans-5.3.15.jar:5.3.15]
	at org.springframework.beans.factory.support.AbstractBeanFactory.doGetBean(AbstractBeanFactory.java:333) ~[spring-beans-5.3.15.jar:5.3.15]
	at org.springframework.beans.factory.support.AbstractBeanFactory.getBean(AbstractBeanFactory.java:208) ~[spring-beans-5.3.15.jar:5.3.15]
	at org.springframework.beans.factory.support.AbstractBeanFactory.doGetBean(AbstractBeanFactory.java:322) ~[spring-beans-5.3.15.jar:5.3.15]
	at org.springframework.beans.factory.support.AbstractBeanFactory.getBean(AbstractBeanFactory.java:208) ~[spring-beans-5.3.15.jar:5.3.15]
	at org.springframework.context.support.AbstractApplicationContext.getBean(AbstractApplicationContext.java:1154) ~[spring-context-5.3.15.jar:5.3.15]
	at org.springframework.context.support.AbstractApplicationContext.finishBeanFactoryInitialization(AbstractApplicationContext.java:908) ~[spring-context-5.3.15.jar:5.3.15]
	at org.springframework.context.support.AbstractApplicationContext.refresh(AbstractApplicationContext.java:583) ~[spring-context-5.3.15.jar:5.3.15]
	at org.springframework.boot.SpringApplication.refresh(SpringApplication.java:732) ~[spring-boot-2.6.3.jar:2.6.3]
	at org.springframework.boot.SpringApplication.refreshContext(SpringApplication.java:414) ~[spring-boot-2.6.3.jar:2.6.3]
	at org.springframework.boot.SpringApplication.run(SpringApplication.java:302) ~[spring-boot-2.6.3.jar:2.6.3]
	at org.springframework.boot.test.context.SpringBootContextLoader.loadContext(SpringBootContextLoader.java:136) ~[spring-boot-test-2.6.3.jar:2.6.3]
	at org.springframework.test.context.cache.DefaultCacheAwareContextLoaderDelegate.loadContextInternal(DefaultCacheAwareContextLoaderDelegate.java:99) ~[spring-test-5.3.15.jar:5.3.15]
	at org.springframework.test.context.cache.DefaultCacheAwareContextLoaderDelegate.loadContext(DefaultCacheAwareContextLoaderDelegate.java:124) ~[spring-test-5.3.15.jar:5.3.15]
	... 67 common frames omitted
Caused by: org.flywaydb.core.internal.command.DbMigrate$FlywayMigrateException: Migration V2__create_data.sql failed
------------------------------------
SQL State  : 42P01
Error Code : 0
Message    : ERROR: relation "person" does not exist
  Position: 13
Location   : db/migration/V2__create_data.sql (C:\Users\filip\Desktop\SOFT\sem-2-soft\Database\Handin 2\target\classes\db\migration\V2__create_data.sql)
Line       : 1
Statement  : insert into person(name, phonenumber, cprnumber, address, email) values
    ('Filip Filipovic','12312312', '021295-1234','lundebjerg 43 1b', 'test123@gmail.com'),
    ('Ender Hansen','56756756', '031298-5678','ballerup 123', 'test1234@gmail.com'),
    ('nur Hansen','89089089', '121212-5678','Herlev 123', 'test12345@gmail.com'),
    ('Peter Hansen','89089089', '121212-5678','Herlev 123', 'test12345@gmail.com'),
    ('Albtert Hansen','89089089', '121212-5678','Herlev 123', 'test12345@gmail.com'),
    ('Kimon Hansen','89089089', '121212-5678','Herlev 123', 'test12345@gmail.com'),
    ('Jonas Hansen','89089089', '121212-5678','Herlev 123', 'test12345@gmail.com'),
    ('Steven Hansen','89089089', '121212-5678','Herlev 123', 'test12345@gmail.com'),
    ('Thomas Hansen','89089089', '121212-5678','Herlev 123', 'test12345@gmail.com')

	at org.flywaydb.core.internal.command.DbMigrate.doMigrateGroup(DbMigrate.java:385) ~[flyway-core-8.5.1.jar:na]
	at org.flywaydb.core.internal.command.DbMigrate.lambda$applyMigrations$1(DbMigrate.java:275) ~[flyway-core-8.5.1.jar:na]
	at org.flywaydb.core.internal.jdbc.TransactionalExecutionTemplate.execute(TransactionalExecutionTemplate.java:55) ~[flyway-core-8.5.1.jar:na]
	at org.flywaydb.core.internal.command.DbMigrate.applyMigrations(DbMigrate.java:274) ~[flyway-core-8.5.1.jar:na]
	at org.flywaydb.core.internal.command.DbMigrate.migrateGroup(DbMigrate.java:247) ~[flyway-core-8.5.1.jar:na]
	at org.flywaydb.core.internal.command.DbMigrate.lambda$migrateAll$0(DbMigrate.java:141) ~[flyway-core-8.5.1.jar:na]
	at org.flywaydb.core.internal.database.postgresql.PostgreSQLAdvisoryLockTemplate.execute(PostgreSQLAdvisoryLockTemplate.java:69) ~[flyway-core-8.5.1.jar:na]
	at org.flywaydb.core.internal.database.postgresql.PostgreSQLConnection.lock(PostgreSQLConnection.java:99) ~[flyway-core-8.5.1.jar:na]
	at org.flywaydb.core.internal.schemahistory.JdbcTableSchemaHistory.lock(JdbcTableSchemaHistory.java:139) ~[flyway-core-8.5.1.jar:na]
	at org.flywaydb.core.internal.command.DbMigrate.migrateAll(DbMigrate.java:141) ~[flyway-core-8.5.1.jar:na]
	at org.flywaydb.core.internal.command.DbMigrate.migrate(DbMigrate.java:98) ~[flyway-core-8.5.1.jar:na]
	at org.flywaydb.core.Flyway$1.execute(Flyway.java:172) ~[flyway-core-8.5.1.jar:na]
	at org.flywaydb.core.Flyway$1.execute(Flyway.java:124) ~[flyway-core-8.5.1.jar:na]
	at org.flywaydb.core.FlywayExecutor.execute(FlywayExecutor.java:207) ~[flyway-core-8.5.1.jar:na]
	at org.flywaydb.core.Flyway.migrate(Flyway.java:124) ~[flyway-core-8.5.1.jar:na]
	at org.springframework.boot.autoconfigure.flyway.FlywayMigrationInitializer.afterPropertiesSet(FlywayMigrationInitializer.java:66) ~[spring-boot-autoconfigure-2.6.3.jar:2.6.3]
	at org.springframework.beans.factory.support.AbstractAutowireCapableBeanFactory.invokeInitMethods(AbstractAutowireCapableBeanFactory.java:1863) ~[spring-beans-5.3.15.jar:5.3.15]
	at org.springframework.beans.factory.support.AbstractAutowireCapableBeanFactory.initializeBean(AbstractAutowireCapableBeanFactory.java:1800) ~[spring-beans-5.3.15.jar:5.3.15]
	... 84 common frames omitted
Caused by: org.flywaydb.core.internal.sqlscript.FlywaySqlScriptException: Migration V2__create_data.sql failed
------------------------------------
SQL State  : 42P01
Error Code : 0
Message    : ERROR: relation "person" does not exist
  Position: 13
Location   : db/migration/V2__create_data.sql (C:\Users\filip\Desktop\SOFT\sem-2-soft\Database\Handin 2\target\classes\db\migration\V2__create_data.sql)
Line       : 1
Statement  : insert into person(name, phonenumber, cprnumber, address, email) values
    ('Filip Filipovic','12312312', '021295-1234','lundebjerg 43 1b', 'test123@gmail.com'),
    ('Ender Hansen','56756756', '031298-5678','ballerup 123', 'test1234@gmail.com'),
    ('nur Hansen','89089089', '121212-5678','Herlev 123', 'test12345@gmail.com'),
    ('Peter Hansen','89089089', '121212-5678','Herlev 123', 'test12345@gmail.com'),
    ('Albtert Hansen','89089089', '121212-5678','Herlev 123', 'test12345@gmail.com'),
    ('Kimon Hansen','89089089', '121212-5678','Herlev 123', 'test12345@gmail.com'),
    ('Jonas Hansen','89089089', '121212-5678','Herlev 123', 'test12345@gmail.com'),
    ('Steven Hansen','89089089', '121212-5678','Herlev 123', 'test12345@gmail.com'),
    ('Thomas Hansen','89089089', '121212-5678','Herlev 123', 'test12345@gmail.com')

	at org.flywaydb.core.internal.sqlscript.DefaultSqlScriptExecutor.handleException(DefaultSqlScriptExecutor.java:275) ~[flyway-core-8.5.1.jar:na]
	at org.flywaydb.core.internal.sqlscript.DefaultSqlScriptExecutor.executeStatement(DefaultSqlScriptExecutor.java:222) ~[flyway-core-8.5.1.jar:na]
	at org.flywaydb.core.internal.sqlscript.DefaultSqlScriptExecutor.execute(DefaultSqlScriptExecutor.java:126) ~[flyway-core-8.5.1.jar:na]
	at org.flywaydb.core.internal.resolver.sql.SqlMigrationExecutor.executeOnce(SqlMigrationExecutor.java:69) ~[flyway-core-8.5.1.jar:na]
	at org.flywaydb.core.internal.resolver.sql.SqlMigrationExecutor.lambda$execute$0(SqlMigrationExecutor.java:58) ~[flyway-core-8.5.1.jar:na]
	at org.flywaydb.core.internal.database.DefaultExecutionStrategy.execute(DefaultExecutionStrategy.java:27) ~[flyway-core-8.5.1.jar:na]
	at org.flywaydb.core.internal.resolver.sql.SqlMigrationExecutor.execute(SqlMigrationExecutor.java:57) ~[flyway-core-8.5.1.jar:na]
	at org.flywaydb.core.internal.command.DbMigrate.doMigrateGroup(DbMigrate.java:377) ~[flyway-core-8.5.1.jar:na]
	... 101 common frames omitted
Caused by: org.postgresql.util.PSQLException: ERROR: relation "person" does not exist
  Position: 13
	at org.postgresql.core.v3.QueryExecutorImpl.receiveErrorResponse(QueryExecutorImpl.java:2674) ~[postgresql-42.3.1.jar:42.3.1]
	at org.postgresql.core.v3.QueryExecutorImpl.processResults(QueryExecutorImpl.java:2364) ~[postgresql-42.3.1.jar:42.3.1]
	at org.postgresql.core.v3.QueryExecutorImpl.execute(QueryExecutorImpl.java:354) ~[postgresql-42.3.1.jar:42.3.1]
	at org.postgresql.jdbc.PgStatement.executeInternal(PgStatement.java:484) ~[postgresql-42.3.1.jar:42.3.1]
	at org.postgresql.jdbc.PgStatement.execute(PgStatement.java:404) ~[postgresql-42.3.1.jar:42.3.1]
	at org.postgresql.jdbc.PgStatement.executeWithFlags(PgStatement.java:325) ~[postgresql-42.3.1.jar:42.3.1]
	at org.postgresql.jdbc.PgStatement.executeCachedSql(PgStatement.java:311) ~[postgresql-42.3.1.jar:42.3.1]
	at org.postgresql.jdbc.PgStatement.executeWithFlags(PgStatement.java:287) ~[postgresql-42.3.1.jar:42.3.1]
	at org.postgresql.jdbc.PgStatement.execute(PgStatement.java:282) ~[postgresql-42.3.1.jar:42.3.1]
	at com.zaxxer.hikari.pool.ProxyStatement.execute(ProxyStatement.java:94) ~[HikariCP-4.0.3.jar:na]
	at com.zaxxer.hikari.pool.HikariProxyStatement.execute(HikariProxyStatement.java) ~[HikariCP-4.0.3.jar:na]
	at org.flywaydb.core.internal.jdbc.JdbcTemplate.executeStatement(JdbcTemplate.java:201) ~[flyway-core-8.5.1.jar:na]
	at org.flywaydb.core.internal.sqlscript.ParsedSqlStatement.execute(ParsedSqlStatement.java:95) ~[flyway-core-8.5.1.jar:na]
	at org.flywaydb.core.internal.sqlscript.DefaultSqlScriptExecutor.executeStatement(DefaultSqlScriptExecutor.java:210) ~[flyway-core-8.5.1.jar:na]
	... 107 common frames omitted

]]></system-out>
  </testcase>
</testsuite>